<?xml version="1.0" encoding="UTF-8"?>
<testsuite xmlns:xsi="http://www.w3.org/2001/XMLSchema-instance" xsi:noNamespaceSchemaLocation="https://maven.apache.org/surefire/maven-surefire-plugin/xsd/surefire-test-report.xsd" name="com.example.AppTest" time="0.038" tests="1" errors="0" skipped="0" failures="0">
  <properties>
    <property name="java.specification.version" value="17"/>
    <property name="sun.cpu.isalist" value="amd64"/>
    <property name="sun.jnu.encoding" value="Cp1252"/>
    <property name="java.class.path" value="c:\Users\estani002\Downloads\demo\demo\target\test-classes;c:\Users\estani002\Downloads\demo\demo\target\classes;C:\Users\estani002\.m2\repository\junit\junit\4.11\junit-4.11.jar;C:\Users\estani002\.m2\repository\org\hamcrest\hamcrest-core\1.3\hamcrest-core-1.3.jar;C:\Users\estani002\.m2\repository\org\apache\jena\jena-shacl\4.4.0\jena-shacl-4.4.0.jar;C:\Users\estani002\.m2\repository\org\apache\jena\jena-arq\4.4.0\jena-arq-4.4.0.jar;C:\Users\estani002\.m2\repository\org\apache\jena\jena-core\4.4.0\jena-core-4.4.0.jar;C:\Users\estani002\.m2\repository\org\apache\jena\jena-base\4.4.0\jena-base-4.4.0.jar;C:\Users\estani002\.m2\repository\org\apache\jena\jena-shaded-guava\4.4.0\jena-shaded-guava-4.4.0.jar;C:\Users\estani002\.m2\repository\org\apache\commons\commons-csv\1.9.0\commons-csv-1.9.0.jar;C:\Users\estani002\.m2\repository\org\apache\commons\commons-compress\1.21\commons-compress-1.21.jar;C:\Users\estani002\.m2\repository\com\github\andrewoma\dexx\collection\0.7\collection-0.7.jar;C:\Users\estani002\.m2\repository\org\apache\jena\jena-iri\4.4.0\jena-iri-4.4.0.jar;C:\Users\estani002\.m2\repository\commons-cli\commons-cli\1.5.0\commons-cli-1.5.0.jar;C:\Users\estani002\.m2\repository\com\apicatalog\titanium-json-ld\1.2.0\titanium-json-ld-1.2.0.jar;C:\Users\estani002\.m2\repository\com\google\protobuf\protobuf-java\3.19.3\protobuf-java-3.19.3.jar;C:\Users\estani002\.m2\repository\org\apache\thrift\libthrift\0.15.0\libthrift-0.15.0.jar;C:\Users\estani002\.m2\repository\javax\annotation\javax.annotation-api\1.3.2\javax.annotation-api-1.3.2.jar;C:\Users\estani002\.m2\repository\org\apache\commons\commons-lang3\3.12.0\commons-lang3-3.12.0.jar;C:\Users\estani002\.m2\repository\org\apache\jena\jena-shex\4.4.0\jena-shex-4.4.0.jar;C:\Users\estani002\.m2\repository\org\apache\jena\jena-tdb\4.4.0\jena-tdb-4.4.0.jar;C:\Users\estani002\.m2\repository\org\apache\jena\jena-tdb2\4.4.0\jena-tdb2-4.4.0.jar;C:\Users\estani002\.m2\repository\org\apache\jena\jena-dboe-storage\4.4.0\jena-dboe-storage-4.4.0.jar;C:\Users\estani002\.m2\repository\org\apache\jena\jena-dboe-trans-data\4.4.0\jena-dboe-trans-data-4.4.0.jar;C:\Users\estani002\.m2\repository\org\apache\jena\jena-dboe-transaction\4.4.0\jena-dboe-transaction-4.4.0.jar;C:\Users\estani002\.m2\repository\org\apache\jena\jena-dboe-base\4.4.0\jena-dboe-base-4.4.0.jar;C:\Users\estani002\.m2\repository\org\apache\jena\jena-dboe-index\4.4.0\jena-dboe-index-4.4.0.jar;C:\Users\estani002\.m2\repository\org\apache\jena\jena-rdfconnection\4.4.0\jena-rdfconnection-4.4.0.jar;C:\Users\estani002\.m2\repository\no\hasmac\hasmac-json-ld\0.10.0\hasmac-json-ld-0.10.0.jar;C:\Users\estani002\.m2\repository\jakarta\json\jakarta.json-api\2.0.1\jakarta.json-api-2.0.1.jar;C:\Users\estani002\.m2\repository\org\glassfish\jakarta.json\2.0.1\jakarta.json-2.0.1.jar;C:\Users\estani002\.m2\repository\com\google\guava\guava\33.2.1-jre\guava-33.2.1-jre.jar;C:\Users\estani002\.m2\repository\com\google\guava\failureaccess\1.0.2\failureaccess-1.0.2.jar;C:\Users\estani002\.m2\repository\com\google\guava\listenablefuture\9999.0-empty-to-avoid-conflict-with-guava\listenablefuture-9999.0-empty-to-avoid-conflict-with-guava.jar;C:\Users\estani002\.m2\repository\com\google\code\findbugs\jsr305\3.0.2\jsr305-3.0.2.jar;C:\Users\estani002\.m2\repository\org\checkerframework\checker-qual\3.42.0\checker-qual-3.42.0.jar;C:\Users\estani002\.m2\repository\com\google\errorprone\error_prone_annotations\2.26.1\error_prone_annotations-2.26.1.jar;C:\Users\estani002\.m2\repository\com\google\j2objc\j2objc-annotations\3.0.0\j2objc-annotations-3.0.0.jar;C:\Users\estani002\.m2\repository\org\eclipse\rdf4j\rdf4j-model\5.1.2\rdf4j-model-5.1.2.jar;C:\Users\estani002\.m2\repository\org\eclipse\rdf4j\rdf4j-model-api\5.1.2\rdf4j-model-api-5.1.2.jar;C:\Users\estani002\.m2\repository\org\eclipse\rdf4j\rdf4j-common-annotation\5.1.2\rdf4j-common-annotation-5.1.2.jar;C:\Users\estani002\.m2\repository\org\eclipse\rdf4j\rdf4j-model-vocabulary\5.1.2\rdf4j-model-vocabulary-5.1.2.jar;C:\Users\estani002\.m2\repository\org\eclipse\rdf4j\rdf4j-common-exception\5.1.2\rdf4j-common-exception-5.1.2.jar;C:\Users\estani002\.m2\repository\org\eclipse\rdf4j\rdf4j-common-text\5.1.2\rdf4j-common-text-5.1.2.jar;C:\Users\estani002\.m2\repository\org\slf4j\slf4j-api\1.7.36\slf4j-api-1.7.36.jar;C:\Users\estani002\.m2\repository\org\eclipse\rdf4j\rdf4j-common-io\5.1.2\rdf4j-common-io-5.1.2.jar;C:\Users\estani002\.m2\repository\org\eclipse\rdf4j\rdf4j-common-iterator\5.1.2\rdf4j-common-iterator-5.1.2.jar;C:\Users\estani002\.m2\repository\org\eclipse\rdf4j\rdf4j-common-order\5.1.2\rdf4j-common-order-5.1.2.jar;C:\Users\estani002\.m2\repository\org\eclipse\rdf4j\rdf4j-rio-jsonld\5.1.2\rdf4j-rio-jsonld-5.1.2.jar;C:\Users\estani002\.m2\repository\org\eclipse\rdf4j\rdf4j-rio-api\5.1.2\rdf4j-rio-api-5.1.2.jar;C:\Users\estani002\.m2\repository\org\eclipse\rdf4j\rdf4j-common-xml\5.1.2\rdf4j-common-xml-5.1.2.jar;C:\Users\estani002\.m2\repository\commons-codec\commons-codec\1.15\commons-codec-1.15.jar;C:\Users\estani002\.m2\repository\com\github\jsonld-java\jsonld-java\0.13.4\jsonld-java-0.13.4.jar;C:\Users\estani002\.m2\repository\com\fasterxml\jackson\core\jackson-annotations\2.13.5\jackson-annotations-2.13.5.jar;C:\Users\estani002\.m2\repository\com\fasterxml\jackson\core\jackson-databind\2.13.5\jackson-databind-2.13.5.jar;C:\Users\estani002\.m2\repository\org\eclipse\rdf4j\rdf4j-rio-datatypes\5.1.2\rdf4j-rio-datatypes-5.1.2.jar;C:\Users\estani002\.m2\repository\org\eclipse\rdf4j\rdf4j-rio-languages\5.1.2\rdf4j-rio-languages-5.1.2.jar;C:\Users\estani002\.m2\repository\org\apache\httpcomponents\httpclient\4.5.14\httpclient-4.5.14.jar;C:\Users\estani002\.m2\repository\org\apache\httpcomponents\httpcore\4.4.16\httpcore-4.4.16.jar;C:\Users\estani002\.m2\repository\org\apache\httpcomponents\httpclient-cache\4.5.14\httpclient-cache-4.5.14.jar;C:\Users\estani002\.m2\repository\org\slf4j\jcl-over-slf4j\1.7.36\jcl-over-slf4j-1.7.36.jar;C:\Users\estani002\.m2\repository\com\fasterxml\jackson\core\jackson-core\2.13.5\jackson-core-2.13.5.jar;C:\Users\estani002\.m2\repository\commons-io\commons-io\2.14.0\commons-io-2.14.0.jar;C:\Users\estani002\.m2\repository\org\eclipse\rdf4j\rdf4j-rio-turtle\5.1.2\rdf4j-rio-turtle-5.1.2.jar;"/>
    <property name="java.vm.vendor" value="Azul Systems, Inc."/>
    <property name="sun.arch.data.model" value="64"/>
    <property name="user.variant" value=""/>
    <property name="java.vendor.url" value="http://www.azul.com/"/>
    <property name="user.timezone" value="Europe/Paris"/>
    <property name="os.name" value="Windows 11"/>
    <property name="java.vm.specification.version" value="17"/>
    <property name="sun.java.launcher" value="SUN_STANDARD"/>
    <property name="user.country" value="GB"/>
    <property name="sun.boot.library.path" value="C:\Program Files\Zulu\zulu-17\bin"/>
    <property name="sun.java.command" value="C:\Users\ESTANI~1\AppData\Local\Temp\surefire12289837298859643053\surefirebooter11387823250306395825.jar C:\Users\estani002\AppData\Local\Temp\surefire12289837298859643053 2025-04-02T12-23-03_397-jvmRun1 surefire10558051356678090409tmp surefire_08539710406894313148tmp"/>
    <property name="jdk.debug" value="release"/>
    <property name="surefire.test.class.path" value="c:\Users\estani002\Downloads\demo\demo\target\test-classes;c:\Users\estani002\Downloads\demo\demo\target\classes;C:\Users\estani002\.m2\repository\junit\junit\4.11\junit-4.11.jar;C:\Users\estani002\.m2\repository\org\hamcrest\hamcrest-core\1.3\hamcrest-core-1.3.jar;C:\Users\estani002\.m2\repository\org\apache\jena\jena-shacl\4.4.0\jena-shacl-4.4.0.jar;C:\Users\estani002\.m2\repository\org\apache\jena\jena-arq\4.4.0\jena-arq-4.4.0.jar;C:\Users\estani002\.m2\repository\org\apache\jena\jena-core\4.4.0\jena-core-4.4.0.jar;C:\Users\estani002\.m2\repository\org\apache\jena\jena-base\4.4.0\jena-base-4.4.0.jar;C:\Users\estani002\.m2\repository\org\apache\jena\jena-shaded-guava\4.4.0\jena-shaded-guava-4.4.0.jar;C:\Users\estani002\.m2\repository\org\apache\commons\commons-csv\1.9.0\commons-csv-1.9.0.jar;C:\Users\estani002\.m2\repository\org\apache\commons\commons-compress\1.21\commons-compress-1.21.jar;C:\Users\estani002\.m2\repository\com\github\andrewoma\dexx\collection\0.7\collection-0.7.jar;C:\Users\estani002\.m2\repository\org\apache\jena\jena-iri\4.4.0\jena-iri-4.4.0.jar;C:\Users\estani002\.m2\repository\commons-cli\commons-cli\1.5.0\commons-cli-1.5.0.jar;C:\Users\estani002\.m2\repository\com\apicatalog\titanium-json-ld\1.2.0\titanium-json-ld-1.2.0.jar;C:\Users\estani002\.m2\repository\com\google\protobuf\protobuf-java\3.19.3\protobuf-java-3.19.3.jar;C:\Users\estani002\.m2\repository\org\apache\thrift\libthrift\0.15.0\libthrift-0.15.0.jar;C:\Users\estani002\.m2\repository\javax\annotation\javax.annotation-api\1.3.2\javax.annotation-api-1.3.2.jar;C:\Users\estani002\.m2\repository\org\apache\commons\commons-lang3\3.12.0\commons-lang3-3.12.0.jar;C:\Users\estani002\.m2\repository\org\apache\jena\jena-shex\4.4.0\jena-shex-4.4.0.jar;C:\Users\estani002\.m2\repository\org\apache\jena\jena-tdb\4.4.0\jena-tdb-4.4.0.jar;C:\Users\estani002\.m2\repository\org\apache\jena\jena-tdb2\4.4.0\jena-tdb2-4.4.0.jar;C:\Users\estani002\.m2\repository\org\apache\jena\jena-dboe-storage\4.4.0\jena-dboe-storage-4.4.0.jar;C:\Users\estani002\.m2\repository\org\apache\jena\jena-dboe-trans-data\4.4.0\jena-dboe-trans-data-4.4.0.jar;C:\Users\estani002\.m2\repository\org\apache\jena\jena-dboe-transaction\4.4.0\jena-dboe-transaction-4.4.0.jar;C:\Users\estani002\.m2\repository\org\apache\jena\jena-dboe-base\4.4.0\jena-dboe-base-4.4.0.jar;C:\Users\estani002\.m2\repository\org\apache\jena\jena-dboe-index\4.4.0\jena-dboe-index-4.4.0.jar;C:\Users\estani002\.m2\repository\org\apache\jena\jena-rdfconnection\4.4.0\jena-rdfconnection-4.4.0.jar;C:\Users\estani002\.m2\repository\no\hasmac\hasmac-json-ld\0.10.0\hasmac-json-ld-0.10.0.jar;C:\Users\estani002\.m2\repository\jakarta\json\jakarta.json-api\2.0.1\jakarta.json-api-2.0.1.jar;C:\Users\estani002\.m2\repository\org\glassfish\jakarta.json\2.0.1\jakarta.json-2.0.1.jar;C:\Users\estani002\.m2\repository\com\google\guava\guava\33.2.1-jre\guava-33.2.1-jre.jar;C:\Users\estani002\.m2\repository\com\google\guava\failureaccess\1.0.2\failureaccess-1.0.2.jar;C:\Users\estani002\.m2\repository\com\google\guava\listenablefuture\9999.0-empty-to-avoid-conflict-with-guava\listenablefuture-9999.0-empty-to-avoid-conflict-with-guava.jar;C:\Users\estani002\.m2\repository\com\google\code\findbugs\jsr305\3.0.2\jsr305-3.0.2.jar;C:\Users\estani002\.m2\repository\org\checkerframework\checker-qual\3.42.0\checker-qual-3.42.0.jar;C:\Users\estani002\.m2\repository\com\google\errorprone\error_prone_annotations\2.26.1\error_prone_annotations-2.26.1.jar;C:\Users\estani002\.m2\repository\com\google\j2objc\j2objc-annotations\3.0.0\j2objc-annotations-3.0.0.jar;C:\Users\estani002\.m2\repository\org\eclipse\rdf4j\rdf4j-model\5.1.2\rdf4j-model-5.1.2.jar;C:\Users\estani002\.m2\repository\org\eclipse\rdf4j\rdf4j-model-api\5.1.2\rdf4j-model-api-5.1.2.jar;C:\Users\estani002\.m2\repository\org\eclipse\rdf4j\rdf4j-common-annotation\5.1.2\rdf4j-common-annotation-5.1.2.jar;C:\Users\estani002\.m2\repository\org\eclipse\rdf4j\rdf4j-model-vocabulary\5.1.2\rdf4j-model-vocabulary-5.1.2.jar;C:\Users\estani002\.m2\repository\org\eclipse\rdf4j\rdf4j-common-exception\5.1.2\rdf4j-common-exception-5.1.2.jar;C:\Users\estani002\.m2\repository\org\eclipse\rdf4j\rdf4j-common-text\5.1.2\rdf4j-common-text-5.1.2.jar;C:\Users\estani002\.m2\repository\org\slf4j\slf4j-api\1.7.36\slf4j-api-1.7.36.jar;C:\Users\estani002\.m2\repository\org\eclipse\rdf4j\rdf4j-common-io\5.1.2\rdf4j-common-io-5.1.2.jar;C:\Users\estani002\.m2\repository\org\eclipse\rdf4j\rdf4j-common-iterator\5.1.2\rdf4j-common-iterator-5.1.2.jar;C:\Users\estani002\.m2\repository\org\eclipse\rdf4j\rdf4j-common-order\5.1.2\rdf4j-common-order-5.1.2.jar;C:\Users\estani002\.m2\repository\org\eclipse\rdf4j\rdf4j-rio-jsonld\5.1.2\rdf4j-rio-jsonld-5.1.2.jar;C:\Users\estani002\.m2\repository\org\eclipse\rdf4j\rdf4j-rio-api\5.1.2\rdf4j-rio-api-5.1.2.jar;C:\Users\estani002\.m2\repository\org\eclipse\rdf4j\rdf4j-common-xml\5.1.2\rdf4j-common-xml-5.1.2.jar;C:\Users\estani002\.m2\repository\commons-codec\commons-codec\1.15\commons-codec-1.15.jar;C:\Users\estani002\.m2\repository\com\github\jsonld-java\jsonld-java\0.13.4\jsonld-java-0.13.4.jar;C:\Users\estani002\.m2\repository\com\fasterxml\jackson\core\jackson-annotations\2.13.5\jackson-annotations-2.13.5.jar;C:\Users\estani002\.m2\repository\com\fasterxml\jackson\core\jackson-databind\2.13.5\jackson-databind-2.13.5.jar;C:\Users\estani002\.m2\repository\org\eclipse\rdf4j\rdf4j-rio-datatypes\5.1.2\rdf4j-rio-datatypes-5.1.2.jar;C:\Users\estani002\.m2\repository\org\eclipse\rdf4j\rdf4j-rio-languages\5.1.2\rdf4j-rio-languages-5.1.2.jar;C:\Users\estani002\.m2\repository\org\apache\httpcomponents\httpclient\4.5.14\httpclient-4.5.14.jar;C:\Users\estani002\.m2\repository\org\apache\httpcomponents\httpcore\4.4.16\httpcore-4.4.16.jar;C:\Users\estani002\.m2\repository\org\apache\httpcomponents\httpclient-cache\4.5.14\httpclient-cache-4.5.14.jar;C:\Users\estani002\.m2\repository\org\slf4j\jcl-over-slf4j\1.7.36\jcl-over-slf4j-1.7.36.jar;C:\Users\estani002\.m2\repository\com\fasterxml\jackson\core\jackson-core\2.13.5\jackson-core-2.13.5.jar;C:\Users\estani002\.m2\repository\commons-io\commons-io\2.14.0\commons-io-2.14.0.jar;C:\Users\estani002\.m2\repository\org\eclipse\rdf4j\rdf4j-rio-turtle\5.1.2\rdf4j-rio-turtle-5.1.2.jar;"/>
    <property name="sun.cpu.endian" value="little"/>
    <property name="user.home" value="C:\Users\estani002"/>
    <property name="user.language" value="en"/>
    <property name="java.specification.vendor" value="Oracle Corporation"/>
    <property name="java.version.date" value="2025-01-21"/>
    <property name="java.home" value="C:\Program Files\Zulu\zulu-17"/>
    <property name="file.separator" value="\"/>
    <property name="basedir" value="c:\Users\estani002\Downloads\demo\demo"/>
    <property name="java.vm.compressedOopsMode" value="Zero based"/>
    <property name="line.separator" value="&#10;"/>
    <property name="java.vm.specification.vendor" value="Oracle Corporation"/>
    <property name="java.specification.name" value="Java Platform API Specification"/>
    <property name="surefire.real.class.path" value="C:\Users\ESTANI~1\AppData\Local\Temp\surefire12289837298859643053\surefirebooter11387823250306395825.jar"/>
    <property name="user.script" value=""/>
    <property name="sun.management.compiler" value="HotSpot 64-Bit Tiered Compilers"/>
    <property name="java.runtime.version" value="17.0.13.0.101+1-LTS"/>
    <property name="user.name" value="estani002"/>
    <property name="path.separator" value=";"/>
    <property name="os.version" value="10.0"/>
    <property name="java.runtime.name" value="OpenJDK Runtime Environment"/>
    <property name="file.encoding" value="Cp1252"/>
    <property name="java.vm.name" value="OpenJDK 64-Bit Server VM"/>
    <property name="java.vendor.version" value="Zulu17.55+14-SA"/>
    <property name="localRepository" value="C:\Users\estani002\.m2\repository"/>
    <property name="java.vendor.url.bug" value="http://www.azul.com/support/"/>
    <property name="java.io.tmpdir" value="C:\Users\ESTANI~1\AppData\Local\Temp\"/>
    <property name="java.version" value="17.0.13.0.101"/>
    <property name="user.dir" value="c:\Users\estani002\Downloads\demo\demo"/>
    <property name="os.arch" value="amd64"/>
    <property name="java.vm.specification.name" value="Java Virtual Machine Specification"/>
    <property name="sun.os.patch.level" value=""/>
    <property name="native.encoding" value="Cp1252"/>
    <property name="java.library.path" value="C:\Program Files\Zulu\zulu-17\bin;C:\WINDOWS\Sun\Java\bin;C:\WINDOWS\system32;C:\WINDOWS;C:\Program Files\Zulu\zulu-17\bin\;C:\Program Files\Zulu\zulu-11\bin\;C:\WINDOWS\system32;C:\WINDOWS;C:\WINDOWS\System32\Wbem;C:\WINDOWS\System32\WindowsPowerShell\v1.0\;C:\WINDOWS\System32\OpenSSH\;C:\Program Files (x86)\ConfigMgr 2012 Toolkit R2\ClientTools;C:\Program Files\dotnet\;C:\Program Files\Git\cmd;C:\Program Files\Zulu\zulu-17\bin\;C:\Program Files\Zulu\zulu-11\bin\;C:\WINDOWS\system32;C:\WINDOWS;C:\WINDOWS\System32\Wbem;C:\WINDOWS\System32\WindowsPowerShell\v1.0\;C:\WINDOWS\System32\OpenSSH\;C:\Program Files (x86)\ConfigMgr 2012 Toolkit R2\ClientTools;C:\Program Files\dotnet\;C:\Program Files\Git\cmd;C:\Users\estani002\scoop\shims;C:\Ruby32-x64\bin;C:\Users\estani002\AppData\Local\Programs\Python\Python311\Scripts\;C:\Users\estani002\AppData\Local\Programs\Python\Python311\;C:\Users\estani002\AppData\Local\Programs\Python\Launcher\;C:\Users\estani002\AppData\Local\Microsoft\WindowsApps;C:\Users\estani002\AppData\Local\GitHubDesktop\bin;C:\VS_Code\bin;C:\Users\estani002\Downloads\apache-jena-4.9.0\apache-jena-4.9.0\bat;C:\Users\estani002\AppData\Local\Programs\Git\cmd;;."/>
    <property name="java.vm.info" value="mixed mode, sharing"/>
    <property name="java.vendor" value="Azul Systems, Inc."/>
    <property name="java.vm.version" value="17.0.13.0.101+1-LTS"/>
    <property name="java.specification.maintenance.version" value="1"/>
    <property name="sun.io.unicode.encoding" value="UnicodeLittle"/>
    <property name="java.class.version" value="61.0"/>
  </properties>
  <testcase name="shouldAnswerWithTrue" classname="com.example.AppTest" time="0.002"/>
</testsuite>